<?xml version="1.0" encoding="UTF-8"?>
<coverage generated="1612332201149" clover="3.2.0">
  <project timestamp="1612332201149" name="All files">
    <metrics statements="6" coveredstatements="6" conditionals="0" coveredconditionals="0" methods="4" coveredmethods="4" elements="10" coveredelements="10" complexity="0" loc="6" ncloc="6" packages="1" files="2" classes="2"/>
    <file name="GifComponent.vue" path="/Users/akif.gumus/Desktop/vscworkspace/workstuff/vue-project/src/components/GifComponent.vue">
      <metrics statements="5" coveredstatements="5" conditionals="0" coveredconditionals="0" methods="3" coveredmethods="3"/>
      <line num="11" count="1" type="stmt"/>
      <line num="12" count="1" type="stmt"/>
      <line num="17" count="3" type="stmt"/>
      <line num="22" count="3" type="stmt"/>
      <line num="26" count="5" type="stmt"/>
    </file>
    <file name="singleGifComp.vue" path="/Users/akif.gumus/Desktop/vscworkspace/workstuff/vue-project/src/components/singleGifComp.vue">
      <metrics statements="1" coveredstatements="1" conditionals="0" coveredconditionals="0" methods="1" coveredmethods="1"/>
      <line num="18" count="6" type="stmt"/>
    </file>
  </project>
</coverage>
