{"/Users/akif.gumus/Desktop/vscworkspace/workstuff/vue-project/src/components/GifComponent.vue": {"path":"/Users/akif.gumus/Desktop/vscworkspace/workstuff/vue-project/src/components/GifComponent.vue","statementMap":{"0":{"start":{"line":11,"column":0},"end":{"line":11,"column":null}},"1":{"start":{"line":12,"column":0},"end":{"line":12,"column":null}},"2":{"start":{"line":17,"column":0},"end":{"line":17,"column":null}},"3":{"start":{"line":22,"column":0},"end":{"line":22,"column":null}},"4":{"start":{"line":26,"column":0},"end":{"line":26,"column":null}}},"fnMap":{"0":{"name":"(anonymous_1)","decl":{"start":{"line":16,"column":0},"end":{"line":16,"column":null}},"loc":{"start":{"line":16,"column":0},"end":{"line":20,"column":null}}},"1":{"name":"(anonymous_2)","decl":{"start":{"line":21,"column":0},"end":{"line":21,"column":null}},"loc":{"start":{"line":21,"column":0},"end":{"line":23,"column":null}}},"2":{"name":"(anonymous_3)","decl":{"start":{"line":25,"column":0},"end":{"line":25,"column":null}},"loc":{"start":{"line":25,"column":0},"end":{"line":27,"column":null}}}},"branchMap":{},"s":{"0":1,"1":1,"2":3,"3":3,"4":5},"f":{"0":3,"1":3,"2":5},"b":{}}
,"/Users/akif.gumus/Desktop/vscworkspace/workstuff/vue-project/src/components/singleGifComp.vue": {"path":"/Users/akif.gumus/Desktop/vscworkspace/workstuff/vue-project/src/components/singleGifComp.vue","statementMap":{"0":{"start":{"line":18,"column":0},"end":{"line":18,"column":null}}},"fnMap":{"0":{"name":"(anonymous_1)","decl":{"start":{"line":17,"column":0},"end":{"line":17,"column":null}},"loc":{"start":{"line":17,"column":0},"end":{"line":19,"column":null}}}},"branchMap":{},"s":{"0":6},"f":{"0":6},"b":{}}
}
