TN:
SF:/Users/akif.gumus/Desktop/vscworkspace/workstuff/vue-project/src/components/GifComponent.vue
FN:16,(anonymous_1)
FN:21,(anonymous_2)
FN:25,(anonymous_3)
FNF:3
FNH:3
FNDA:3,(anonymous_1)
FNDA:3,(anonymous_2)
FNDA:5,(anonymous_3)
DA:11,1
DA:12,1
DA:17,3
DA:22,3
DA:26,5
LF:5
LH:5
BRF:0
BRH:0
end_of_record
TN:
SF:/Users/akif.gumus/Desktop/vscworkspace/workstuff/vue-project/src/components/singleGifComp.vue
FN:17,(anonymous_1)
FNF:1
FNH:1
FNDA:6,(anonymous_1)
DA:18,6
LF:1
LH:1
BRF:0
BRH:0
end_of_record
